<?xml version="1.0" encoding="UTF-8"?>
<!-- Generated by org.testng.reporters.JUnitXMLReporter -->
<testsuite ignored="1" hostname="hp-PC" failures="2" tests="2" name="Test(failed)" time="0.181" errors="0" timestamp="2023-06-17T22:35:55 IST">
  <testcase classname="test_.test_class" name="popvalidationafterclickon_PuncinButton" time="0.024">
    <failure type="java.lang.NullPointerException" message="Cannot invoke &amp;quot;pom.home_page.punchin_popupValidation()&amp;quot; because &amp;quot;this.hp&amp;quot; is null">
      <![CDATA[java.lang.NullPointerException: Cannot invoke "pom.home_page.punchin_popupValidation()" because "this.hp" is null
at test_.test_class.popvalidationafterclickon_PuncinButton(test_class.java:47)
at java.base/java.util.concurrent.ThreadPoolExecutor.runWorker(ThreadPoolExecutor.java:1136)
at java.base/java.util.concurrent.ThreadPoolExecutor$Worker.run(ThreadPoolExecutor.java:635)
at java.base/java.lang.Thread.run(Thread.java:833)
... Removed 12 stack frames]]>
    </failure>
  </testcase> <!-- popvalidationafterclickon_PuncinButton -->
  <testcase classname="test_.test_class" name="qppp_addcust_Validation" time="0.086">
    <failure type="java.lang.NullPointerException" message="Cannot invoke &amp;quot;pom.home_page.click_on_MyCust()&amp;quot; because &amp;quot;this.hp&amp;quot; is null">
      <![CDATA[java.lang.NullPointerException: Cannot invoke "pom.home_page.click_on_MyCust()" because "this.hp" is null
at test_.test_class.qppp_addcust_Validation(test_class.java:57)
at java.base/java.util.concurrent.ThreadPoolExecutor.runWorker(ThreadPoolExecutor.java:1136)
at java.base/java.util.concurrent.ThreadPoolExecutor$Worker.run(ThreadPoolExecutor.java:635)
at java.base/java.lang.Thread.run(Thread.java:833)
... Removed 12 stack frames]]>
    </failure>
  </testcase> <!-- qppp_addcust_Validation -->
  <testcase classname="test_.test_class" name="login_validate" time="0.0">
    <ignored/>
  </testcase> <!-- login_validate -->
</testsuite> <!-- Test(failed) -->
